2021-09-07 14:34:14,489 - INFO - Login successfully!
2021-09-07 14:34:14,489 - INFO - Welcome to login the gateway system!
2021-09-07 14:34:16,122 - INFO - Login repair gateway maintenance table
2021-09-07 14:36:06,035 - INFO - Login successfully!
2021-09-07 14:36:06,035 - INFO - Welcome to login the gateway system!
2021-09-07 14:36:07,363 - INFO - Login repair gateway maintenance table
2021-09-07 14:36:24,984 - INFO - View the shipping statistics of gateways in five provinces
2021-09-07 14:38:18,572 - WARNING - 1 record has been deleted successfully from the sendgateways
2021-09-07 15:27:23,106 - INFO - 4 rows of data are successfully imported from the sendgateways
2021-09-07 15:30:34,768 - INFO - Login successfully!
2021-09-07 15:30:34,769 - INFO - Welcome to login the gateway system!
2021-09-07 15:31:12,862 - INFO - Login successfully!
2021-09-07 15:31:12,862 - INFO - Welcome to login the gateway system!
2021-09-07 15:36:11,277 - INFO - View the shipping statistics of gateways in five provinces
2021-09-07 15:37:22,221 - INFO - View the shipping statistics of gateways in five provinces
2021-09-07 15:38:34,189 - INFO - View the shipping statistics of gateways in five provinces
2021-09-07 15:39:38,724 - INFO - Login repair gateway maintenance table
2021-09-07 15:42:43,861 - INFO - View the shipping statistics of gateways in five provinces
2021-09-07 15:43:33,421 - INFO - View the shipping statistics of gateways in five provinces
2021-09-07 15:46:31,661 - INFO - View the shipping statistics of gateways in five provinces
2021-09-07 16:06:43,266 - INFO - View the shipping statistics of gateways in five provinces
2021-09-07 16:24:41,953 - INFO - Login successfully!
2021-09-07 16:24:41,953 - INFO - Welcome to login the gateway system!
2021-09-07 16:31:52,057 - INFO - Login successfully!
2021-09-07 16:31:52,057 - INFO - Welcome to login the gateway system!
2021-09-07 16:31:53,280 - INFO - View the shipping statistics of gateways in five provinces
2021-09-07 16:32:01,552 - INFO - Login repair gateway maintenance table
2021-09-07 16:32:07,226 - INFO - exitSystem!
2021-09-07 16:44:14,656 - INFO - Login successfully!
2021-09-07 16:44:14,656 - INFO - Welcome to login the gateway system!
2021-09-07 16:44:17,783 - INFO - View the shipping statistics of gateways in five provinces
2021-09-07 17:10:40,774 - INFO - Login successfully!
2021-09-07 17:10:40,774 - INFO - Welcome to login the gateway system!
2021-09-07 17:10:45,789 - INFO - Login repair gateway maintenance table
2021-09-07 17:10:58,321 - INFO - View the shipping statistics of gateways in five provinces
2021-09-07 17:18:06,669 - INFO - Login successfully!
2021-09-07 17:18:06,669 - INFO - Welcome to login the gateway system!
2021-09-08 14:58:23,686 - INFO - 4 rows of data are successfully imported from the sendgateways
2021-09-08 15:06:50,874 - INFO - 4 rows of data are successfully imported from the sendgateways
2021-09-08 15:23:54,181 - INFO - 4 rows of data are successfully imported from the sendgateways
2021-09-08 15:24:29,081 - INFO - 4 rows of data are successfully imported from the sendgateways
2021-09-08 16:55:31,214 - INFO - 4 rows of data are successfully imported from the sendgateways
